[INFO] 2018-08-14 14:59:34.963 [main] [org.springframework.boot.StartupInfoLogger]48 - Starting Application on DESKTOP-6OE57TT with PID 9172 (E:\spring_workspace\springboot_mybatis_mapper_pagehelper\target\classes started by hp in E:\spring_workspace\springboot_mybatis_mapper_pagehelper) 
[INFO] 2018-08-14 14:59:34.971 [main] [org.springframework.boot.SpringApplication]637 - No active profile set, falling back to default profiles: default 
[INFO] 2018-08-14 14:59:35.046 [main] [org.springframework.context.support.AbstractApplicationContext]582 - Refreshing org.springframework.boot.context.embedded.AnnotationConfigEmbeddedWebApplicationContext@33fe57a9: startup date [Tue Aug 14 14:59:35 CST 2018]; root of context hierarchy 
[INFO] 2018-08-14 14:59:35.184 [background-preinit] [org.hibernate.validator.internal.util.Version]30 - HV000001: Hibernate Validator 5.3.5.Final 
[INFO] 2018-08-14 14:59:35.971 [main] [org.springframework.context.support.PostProcessorRegistrationDelegate$BeanPostProcessorChecker]325 - Bean 'mybatis-org.mybatis.spring.boot.autoconfigure.MybatisProperties' of type [org.mybatis.spring.boot.autoconfigure.MybatisProperties] is not eligible for getting processed by all BeanPostProcessors (for example: not eligible for auto-proxying) 
[INFO] 2018-08-14 14:59:35.977 [main] [org.springframework.context.support.PostProcessorRegistrationDelegate$BeanPostProcessorChecker]325 - Bean 'org.mybatis.spring.boot.autoconfigure.MybatisAutoConfiguration' of type [org.mybatis.spring.boot.autoconfigure.MybatisAutoConfiguration$$EnhancerBySpringCGLIB$$608d8236] is not eligible for getting processed by all BeanPostProcessors (for example: not eligible for auto-proxying) 
[INFO] 2018-08-14 14:59:35.987 [main] [org.springframework.context.support.PostProcessorRegistrationDelegate$BeanPostProcessorChecker]325 - Bean 'org.springframework.boot.autoconfigure.jdbc.DataSourceConfiguration$Tomcat' of type [org.springframework.boot.autoconfigure.jdbc.DataSourceConfiguration$Tomcat] is not eligible for getting processed by all BeanPostProcessors (for example: not eligible for auto-proxying) 
[INFO] 2018-08-14 14:59:36.019 [main] [org.springframework.context.support.PostProcessorRegistrationDelegate$BeanPostProcessorChecker]325 - Bean 'spring.datasource-org.springframework.boot.autoconfigure.jdbc.DataSourceProperties' of type [org.springframework.boot.autoconfigure.jdbc.DataSourceProperties] is not eligible for getting processed by all BeanPostProcessors (for example: not eligible for auto-proxying) 
[INFO] 2018-08-14 14:59:36.181 [main] [org.springframework.context.support.PostProcessorRegistrationDelegate$BeanPostProcessorChecker]325 - Bean 'dataSource' of type [org.apache.tomcat.jdbc.pool.DataSource] is not eligible for getting processed by all BeanPostProcessors (for example: not eligible for auto-proxying) 
[INFO] 2018-08-14 14:59:36.415 [main] [org.springframework.context.support.PostProcessorRegistrationDelegate$BeanPostProcessorChecker]325 - Bean 'sqlSessionFactory' of type [org.apache.ibatis.session.defaults.DefaultSqlSessionFactory] is not eligible for getting processed by all BeanPostProcessors (for example: not eligible for auto-proxying) 
[INFO] 2018-08-14 14:59:36.423 [main] [org.springframework.context.support.PostProcessorRegistrationDelegate$BeanPostProcessorChecker]325 - Bean 'dataSourceConfig' of type [com.gwg.demo.config.DataSourceConfig$$EnhancerBySpringCGLIB$$7a389817] is not eligible for getting processed by all BeanPostProcessors (for example: not eligible for auto-proxying) 
[INFO] 2018-08-14 14:59:36.432 [main] [org.springframework.context.support.PostProcessorRegistrationDelegate$BeanPostProcessorChecker]325 - Bean 'getSqlSessionTemplate' of type [org.mybatis.spring.SqlSessionTemplate] is not eligible for getting processed by all BeanPostProcessors (for example: not eligible for auto-proxying) 
[INFO] 2018-08-14 14:59:36.434 [main] [org.springframework.context.support.PostProcessorRegistrationDelegate$BeanPostProcessorChecker]325 - Bean 'studentMapper' of type [org.mybatis.spring.mapper.MapperFactoryBean] is not eligible for getting processed by all BeanPostProcessors (for example: not eligible for auto-proxying) 
[INFO] 2018-08-14 14:59:36.733 [main] [org.springframework.boot.context.embedded.tomcat.TomcatEmbeddedServletContainer]89 - Tomcat initialized with port(s): 8080 (http) 
[INFO] 2018-08-14 14:59:36.739 [main] [org.apache.juli.logging.DirectJDKLog]179 - Starting service Tomcat 
[INFO] 2018-08-14 14:59:36.740 [main] [org.apache.juli.logging.DirectJDKLog]179 - Starting Servlet Engine: Apache Tomcat/8.5.14 
[INFO] 2018-08-14 14:59:36.816 [localhost-startStop-1] [org.apache.juli.logging.DirectJDKLog]179 - Initializing Spring embedded WebApplicationContext 
[INFO] 2018-08-14 14:59:36.816 [localhost-startStop-1] [org.springframework.boot.context.embedded.EmbeddedWebApplicationContext]276 - Root WebApplicationContext: initialization completed in 1774 ms 
[INFO] 2018-08-14 14:59:36.945 [localhost-startStop-1] [org.springframework.boot.web.servlet.ServletRegistrationBean]190 - Mapping servlet: 'dispatcherServlet' to [/] 
[INFO] 2018-08-14 14:59:36.952 [localhost-startStop-1] [org.springframework.boot.web.servlet.AbstractFilterRegistrationBean]258 - Mapping filter: 'characterEncodingFilter' to: [/*] 
[INFO] 2018-08-14 14:59:36.953 [localhost-startStop-1] [org.springframework.boot.web.servlet.AbstractFilterRegistrationBean]258 - Mapping filter: 'hiddenHttpMethodFilter' to: [/*] 
[INFO] 2018-08-14 14:59:36.953 [localhost-startStop-1] [org.springframework.boot.web.servlet.AbstractFilterRegistrationBean]258 - Mapping filter: 'httpPutFormContentFilter' to: [/*] 
[INFO] 2018-08-14 14:59:36.954 [localhost-startStop-1] [org.springframework.boot.web.servlet.AbstractFilterRegistrationBean]258 - Mapping filter: 'requestContextFilter' to: [/*] 
[INFO] 2018-08-14 14:59:37.263 [main] [org.springframework.web.servlet.mvc.method.annotation.RequestMappingHandlerAdapter]534 - Looking for @ControllerAdvice: org.springframework.boot.context.embedded.AnnotationConfigEmbeddedWebApplicationContext@33fe57a9: startup date [Tue Aug 14 14:59:35 CST 2018]; root of context hierarchy 
[INFO] 2018-08-14 14:59:37.307 [main] [org.springframework.web.servlet.handler.AbstractHandlerMethodMapping$MappingRegistry]543 - Mapped "{[/]}" onto java.lang.String com.gwg.demo.Application.home() 
[INFO] 2018-08-14 14:59:37.309 [main] [org.springframework.web.servlet.handler.AbstractHandlerMethodMapping$MappingRegistry]543 - Mapped "{[/getStudentByName],methods=[POST],consumes=[application/json],produces=[application/json]}" onto public com.gwg.demo.model.Student com.gwg.demo.controller.StudentController.queryStudentByName(java.lang.String) 
[INFO] 2018-08-14 14:59:37.309 [main] [org.springframework.web.servlet.handler.AbstractHandlerMethodMapping$MappingRegistry]543 - Mapped "{[/getStudentByLimit],methods=[POST],consumes=[application/json],produces=[application/json]}" onto public com.github.pagehelper.PageInfo com.gwg.demo.controller.StudentController.queryStudentByName(com.gwg.demo.dto.StudentDto) 
[INFO] 2018-08-14 14:59:37.312 [main] [org.springframework.web.servlet.handler.AbstractHandlerMethodMapping$MappingRegistry]543 - Mapped "{[/error]}" onto public org.springframework.http.ResponseEntity<java.util.Map<java.lang.String, java.lang.Object>> org.springframework.boot.autoconfigure.web.BasicErrorController.error(javax.servlet.http.HttpServletRequest) 
[INFO] 2018-08-14 14:59:37.312 [main] [org.springframework.web.servlet.handler.AbstractHandlerMethodMapping$MappingRegistry]543 - Mapped "{[/error],produces=[text/html]}" onto public org.springframework.web.servlet.ModelAndView org.springframework.boot.autoconfigure.web.BasicErrorController.errorHtml(javax.servlet.http.HttpServletRequest,javax.servlet.http.HttpServletResponse) 
[INFO] 2018-08-14 14:59:37.339 [main] [org.springframework.web.servlet.handler.AbstractUrlHandlerMapping]362 - Mapped URL path [/webjars/**] onto handler of type [class org.springframework.web.servlet.resource.ResourceHttpRequestHandler] 
[INFO] 2018-08-14 14:59:37.339 [main] [org.springframework.web.servlet.handler.AbstractUrlHandlerMapping]362 - Mapped URL path [/**] onto handler of type [class org.springframework.web.servlet.resource.ResourceHttpRequestHandler] 
[INFO] 2018-08-14 14:59:37.370 [main] [org.springframework.web.servlet.handler.AbstractUrlHandlerMapping]362 - Mapped URL path [/**/favicon.ico] onto handler of type [class org.springframework.web.servlet.resource.ResourceHttpRequestHandler] 
[INFO] 2018-08-14 14:59:37.785 [main] [org.springframework.jmx.export.MBeanExporter]431 - Registering beans for JMX exposure on startup 
[INFO] 2018-08-14 14:59:37.803 [main] [org.apache.juli.logging.DirectJDKLog]179 - Initializing ProtocolHandler ["http-nio-8080"] 
[INFO] 2018-08-14 14:59:37.828 [main] [org.apache.juli.logging.DirectJDKLog]179 - Starting ProtocolHandler ["http-nio-8080"] 
[INFO] 2018-08-14 14:59:37.846 [main] [org.apache.juli.logging.DirectJDKLog]179 - Using a shared selector for servlet write/read 
[INFO] 2018-08-14 14:59:37.877 [main] [org.springframework.boot.context.embedded.tomcat.TomcatEmbeddedServletContainer]198 - Tomcat started on port(s): 8080 (http) 
[INFO] 2018-08-14 14:59:37.881 [main] [org.springframework.boot.StartupInfoLogger]57 - Started Application in 3.303 seconds (JVM running for 4.578) 
[INFO] 2018-08-14 14:59:49.773 [http-nio-8080-exec-1] [org.apache.juli.logging.DirectJDKLog]179 - Initializing Spring FrameworkServlet 'dispatcherServlet' 
[INFO] 2018-08-14 14:59:49.773 [http-nio-8080-exec-1] [org.springframework.web.servlet.FrameworkServlet]489 - FrameworkServlet 'dispatcherServlet': initialization started 
[INFO] 2018-08-14 14:59:49.791 [http-nio-8080-exec-1] [org.springframework.web.servlet.FrameworkServlet]508 - FrameworkServlet 'dispatcherServlet': initialization completed in 18 ms 
[INFO] 2018-08-14 15:05:32.253 [main] [org.springframework.boot.StartupInfoLogger]48 - Starting Application on DESKTOP-6OE57TT with PID 7324 (E:\spring_workspace\springboot_mybatis_mapper_pagehelper\target\classes started by hp in E:\spring_workspace\springboot_mybatis_mapper_pagehelper) 
[INFO] 2018-08-14 15:05:32.255 [main] [org.springframework.boot.SpringApplication]637 - No active profile set, falling back to default profiles: default 
[INFO] 2018-08-14 15:05:32.315 [main] [org.springframework.context.support.AbstractApplicationContext]582 - Refreshing org.springframework.boot.context.embedded.AnnotationConfigEmbeddedWebApplicationContext@4748a0f9: startup date [Tue Aug 14 15:05:32 CST 2018]; root of context hierarchy 
[INFO] 2018-08-14 15:05:32.430 [background-preinit] [org.hibernate.validator.internal.util.Version]30 - HV000001: Hibernate Validator 5.3.5.Final 
[INFO] 2018-08-14 15:05:33.120 [main] [org.springframework.context.support.PostProcessorRegistrationDelegate$BeanPostProcessorChecker]325 - Bean 'mybatis-org.mybatis.spring.boot.autoconfigure.MybatisProperties' of type [org.mybatis.spring.boot.autoconfigure.MybatisProperties] is not eligible for getting processed by all BeanPostProcessors (for example: not eligible for auto-proxying) 
[INFO] 2018-08-14 15:05:33.123 [main] [org.springframework.context.support.PostProcessorRegistrationDelegate$BeanPostProcessorChecker]325 - Bean 'org.mybatis.spring.boot.autoconfigure.MybatisAutoConfiguration' of type [org.mybatis.spring.boot.autoconfigure.MybatisAutoConfiguration$$EnhancerBySpringCGLIB$$e2997c67] is not eligible for getting processed by all BeanPostProcessors (for example: not eligible for auto-proxying) 
[INFO] 2018-08-14 15:05:33.126 [main] [org.springframework.context.support.PostProcessorRegistrationDelegate$BeanPostProcessorChecker]325 - Bean 'org.springframework.boot.autoconfigure.jdbc.DataSourceConfiguration$Tomcat' of type [org.springframework.boot.autoconfigure.jdbc.DataSourceConfiguration$Tomcat] is not eligible for getting processed by all BeanPostProcessors (for example: not eligible for auto-proxying) 
[INFO] 2018-08-14 15:05:33.140 [main] [org.springframework.context.support.PostProcessorRegistrationDelegate$BeanPostProcessorChecker]325 - Bean 'spring.datasource-org.springframework.boot.autoconfigure.jdbc.DataSourceProperties' of type [org.springframework.boot.autoconfigure.jdbc.DataSourceProperties] is not eligible for getting processed by all BeanPostProcessors (for example: not eligible for auto-proxying) 
[INFO] 2018-08-14 15:05:33.218 [main] [org.springframework.context.support.PostProcessorRegistrationDelegate$BeanPostProcessorChecker]325 - Bean 'dataSource' of type [org.apache.tomcat.jdbc.pool.DataSource] is not eligible for getting processed by all BeanPostProcessors (for example: not eligible for auto-proxying) 
[INFO] 2018-08-14 15:05:33.383 [main] [org.springframework.context.support.PostProcessorRegistrationDelegate$BeanPostProcessorChecker]325 - Bean 'sqlSessionFactory' of type [org.apache.ibatis.session.defaults.DefaultSqlSessionFactory] is not eligible for getting processed by all BeanPostProcessors (for example: not eligible for auto-proxying) 
[INFO] 2018-08-14 15:05:33.389 [main] [org.springframework.context.support.PostProcessorRegistrationDelegate$BeanPostProcessorChecker]325 - Bean 'dataSourceConfig' of type [com.gwg.demo.config.DataSourceConfig$$EnhancerBySpringCGLIB$$fc449248] is not eligible for getting processed by all BeanPostProcessors (for example: not eligible for auto-proxying) 
[INFO] 2018-08-14 15:05:33.397 [main] [org.springframework.context.support.PostProcessorRegistrationDelegate$BeanPostProcessorChecker]325 - Bean 'getSqlSessionTemplate' of type [org.mybatis.spring.SqlSessionTemplate] is not eligible for getting processed by all BeanPostProcessors (for example: not eligible for auto-proxying) 
[INFO] 2018-08-14 15:05:33.398 [main] [org.springframework.context.support.PostProcessorRegistrationDelegate$BeanPostProcessorChecker]325 - Bean 'studentMapper' of type [org.mybatis.spring.mapper.MapperFactoryBean] is not eligible for getting processed by all BeanPostProcessors (for example: not eligible for auto-proxying) 
[INFO] 2018-08-14 15:05:33.638 [main] [org.springframework.boot.context.embedded.tomcat.TomcatEmbeddedServletContainer]89 - Tomcat initialized with port(s): 8080 (http) 
[INFO] 2018-08-14 15:05:33.645 [main] [org.apache.juli.logging.DirectJDKLog]179 - Starting service Tomcat 
[INFO] 2018-08-14 15:05:33.646 [main] [org.apache.juli.logging.DirectJDKLog]179 - Starting Servlet Engine: Apache Tomcat/8.5.14 
[INFO] 2018-08-14 15:05:33.715 [localhost-startStop-1] [org.apache.juli.logging.DirectJDKLog]179 - Initializing Spring embedded WebApplicationContext 
[INFO] 2018-08-14 15:05:33.716 [localhost-startStop-1] [org.springframework.boot.context.embedded.EmbeddedWebApplicationContext]276 - Root WebApplicationContext: initialization completed in 1402 ms 
[INFO] 2018-08-14 15:05:33.832 [localhost-startStop-1] [org.springframework.boot.web.servlet.ServletRegistrationBean]190 - Mapping servlet: 'dispatcherServlet' to [/] 
[INFO] 2018-08-14 15:05:33.835 [localhost-startStop-1] [org.springframework.boot.web.servlet.AbstractFilterRegistrationBean]258 - Mapping filter: 'characterEncodingFilter' to: [/*] 
[INFO] 2018-08-14 15:05:33.836 [localhost-startStop-1] [org.springframework.boot.web.servlet.AbstractFilterRegistrationBean]258 - Mapping filter: 'hiddenHttpMethodFilter' to: [/*] 
[INFO] 2018-08-14 15:05:33.836 [localhost-startStop-1] [org.springframework.boot.web.servlet.AbstractFilterRegistrationBean]258 - Mapping filter: 'httpPutFormContentFilter' to: [/*] 
[INFO] 2018-08-14 15:05:33.836 [localhost-startStop-1] [org.springframework.boot.web.servlet.AbstractFilterRegistrationBean]258 - Mapping filter: 'requestContextFilter' to: [/*] 
[INFO] 2018-08-14 15:05:34.104 [main] [org.springframework.web.servlet.mvc.method.annotation.RequestMappingHandlerAdapter]534 - Looking for @ControllerAdvice: org.springframework.boot.context.embedded.AnnotationConfigEmbeddedWebApplicationContext@4748a0f9: startup date [Tue Aug 14 15:05:32 CST 2018]; root of context hierarchy 
[INFO] 2018-08-14 15:05:34.151 [main] [org.springframework.web.servlet.handler.AbstractHandlerMethodMapping$MappingRegistry]543 - Mapped "{[/]}" onto java.lang.String com.gwg.demo.Application.home() 
[INFO] 2018-08-14 15:05:34.153 [main] [org.springframework.web.servlet.handler.AbstractHandlerMethodMapping$MappingRegistry]543 - Mapped "{[/getStudentByName],methods=[POST],consumes=[application/json],produces=[application/json]}" onto public com.gwg.demo.model.Student com.gwg.demo.controller.StudentController.queryStudentByName(java.lang.String) 
[INFO] 2018-08-14 15:05:34.154 [main] [org.springframework.web.servlet.handler.AbstractHandlerMethodMapping$MappingRegistry]543 - Mapped "{[/getStudentByLimit],methods=[POST],consumes=[application/json],produces=[application/json]}" onto public com.gwg.demo.common.PageResult<com.gwg.demo.model.Student> com.gwg.demo.controller.StudentController.queryStudentByName(com.gwg.demo.dto.StudentDto) 
[INFO] 2018-08-14 15:05:34.157 [main] [org.springframework.web.servlet.handler.AbstractHandlerMethodMapping$MappingRegistry]543 - Mapped "{[/error]}" onto public org.springframework.http.ResponseEntity<java.util.Map<java.lang.String, java.lang.Object>> org.springframework.boot.autoconfigure.web.BasicErrorController.error(javax.servlet.http.HttpServletRequest) 
[INFO] 2018-08-14 15:05:34.157 [main] [org.springframework.web.servlet.handler.AbstractHandlerMethodMapping$MappingRegistry]543 - Mapped "{[/error],produces=[text/html]}" onto public org.springframework.web.servlet.ModelAndView org.springframework.boot.autoconfigure.web.BasicErrorController.errorHtml(javax.servlet.http.HttpServletRequest,javax.servlet.http.HttpServletResponse) 
[INFO] 2018-08-14 15:05:34.181 [main] [org.springframework.web.servlet.handler.AbstractUrlHandlerMapping]362 - Mapped URL path [/webjars/**] onto handler of type [class org.springframework.web.servlet.resource.ResourceHttpRequestHandler] 
[INFO] 2018-08-14 15:05:34.181 [main] [org.springframework.web.servlet.handler.AbstractUrlHandlerMapping]362 - Mapped URL path [/**] onto handler of type [class org.springframework.web.servlet.resource.ResourceHttpRequestHandler] 
[INFO] 2018-08-14 15:05:34.211 [main] [org.springframework.web.servlet.handler.AbstractUrlHandlerMapping]362 - Mapped URL path [/**/favicon.ico] onto handler of type [class org.springframework.web.servlet.resource.ResourceHttpRequestHandler] 
[INFO] 2018-08-14 15:05:34.476 [main] [org.springframework.jmx.export.MBeanExporter]431 - Registering beans for JMX exposure on startup 
[INFO] 2018-08-14 15:05:34.487 [main] [org.apache.juli.logging.DirectJDKLog]179 - Initializing ProtocolHandler ["http-nio-8080"] 
[INFO] 2018-08-14 15:05:34.494 [main] [org.apache.juli.logging.DirectJDKLog]179 - Starting ProtocolHandler ["http-nio-8080"] 
[INFO] 2018-08-14 15:05:34.508 [main] [org.apache.juli.logging.DirectJDKLog]179 - Using a shared selector for servlet write/read 
[INFO] 2018-08-14 15:05:34.529 [main] [org.springframework.boot.context.embedded.tomcat.TomcatEmbeddedServletContainer]198 - Tomcat started on port(s): 8080 (http) 
[INFO] 2018-08-14 15:05:34.532 [main] [org.springframework.boot.StartupInfoLogger]57 - Started Application in 2.527 seconds (JVM running for 3.852) 
[INFO] 2018-08-14 15:05:41.877 [http-nio-8080-exec-3] [org.apache.juli.logging.DirectJDKLog]179 - Initializing Spring FrameworkServlet 'dispatcherServlet' 
[INFO] 2018-08-14 15:05:41.877 [http-nio-8080-exec-3] [org.springframework.web.servlet.FrameworkServlet]489 - FrameworkServlet 'dispatcherServlet': initialization started 
[INFO] 2018-08-14 15:05:41.894 [http-nio-8080-exec-3] [org.springframework.web.servlet.FrameworkServlet]508 - FrameworkServlet 'dispatcherServlet': initialization completed in 17 ms 
